C51 COMPILER V9.60.0.0   COUNTER0_99                                                       08/29/2021 14:34:19 PAGE 1   


C51 COMPILER V9.60.0.0, COMPILATION OF MODULE COUNTER0_99
OBJECT MODULE PLACED IN .\Objects\counter0_99.obj
COMPILER INVOKED BY: C:\Keil_v5\C51\BIN\C51.EXE counter0_99.c OPTIMIZE(8,SPEED) BROWSE DEBUG OBJECTEXTEND PRINT(.\Listin
                    -gs\counter0_99.lst) TABS(2) OBJECT(.\Objects\counter0_99.obj)

line level    source

   1          #include<reg52.h>
   2          sbit count_T0=P3^4;
   3          sbit RS=P0^5;
   4          sbit RW=P0^6;
   5          sbit E=P0^7;
   6          
   7          
   8          void ms_delay( unsigned int time)
   9          {
  10   1        unsigned int i,j;
  11   1        for(i=0;i<time;i++)
  12   1        {
  13   2          for(j=0;j<113;j++);
  14   2        }
  15   1      }
  16          
  17          void send(unsigned int command_value , unsigned char c_or_d) //send command to LCD
  18          {
  19   1        P2=command_value;
  20   1        RW=0;
  21   1        RS=c_or_d;
  22   1        E=1;
  23   1        ms_delay(10);
  24   1        E=0;
  25   1      } 
  26          
  27          void lcd_init()
  28          {
  29   1        send(0x38, 0);  //2 lines and 5x7 matrix
  30   1        send(0x0C,0);   //display on cursor off
  31   1        send(0X01,0);   //clear display screen
  32   1      }
  33          
  34          void main()
  35          {
  36   1        unsigned char i;
  37   1        unsigned int cnt_val;
  38   1          
  39   1        // counter initialization
  40   1        TMOD=0X06; //counter 0, mode 2, 8 bit_autoreload mode
  41   1        count_T0=1; // p3.4 input pin
  42   1        lcd_init();
  43   1        while(1)
  44   1        {
  45   2          
  46   2          TH0=0x00;
  47   2          TL0=0x00; // count value initialize 
  48   2          TR0=1;    //counter 0 on
  49   2      
  50   2          while(!TF0) // monitoring TF0 flag
  51   2          {
  52   3            send(0x80,0)  ; // force cursor on 1st line and 1st col 
  53   3            
  54   3            cnt_val = TL0;   //while devidng by decimal step in below step the hex values in TL0 are converted 
C51 COMPILER V9.60.0.0   COUNTER0_99                                                       08/29/2021 14:34:19 PAGE 2   

  55   3                            //to decimal & then divided, thats why we get decimal count at outputp(lcd)
  56   3            
  57   3            i = cnt_val/10;         //Get the Ten's place
  58   3            send(i + 0x30, 1);      //   i + 0x30;      // Convert it to ASCII
  59   3              
  60   3            i = cnt_val%10 ;      //Get the unit place    
  61   3            send(i + 0x30, 1);  // Convert it to ASCII for LCD
  62   3            
  63   3            if (cnt_val == 100)   // restricting count 00 to 99
  64   3            {
  65   4              break;
  66   4            }
  67   3          }
  68   2          TF0=0;  //reset flag
  69   2          TR0=0; //off counter 
  70   2        }
  71   1      }


MODULE INFORMATION:   STATIC OVERLAYABLE
   CODE SIZE        =    163    ----
   CONSTANT SIZE    =   ----    ----
   XDATA SIZE       =   ----    ----
   PDATA SIZE       =   ----    ----
   DATA SIZE        =   ----       2
   IDATA SIZE       =   ----    ----
   BIT SIZE         =   ----    ----
END OF MODULE INFORMATION.


C51 COMPILATION COMPLETE.  0 WARNING(S),  0 ERROR(S)
