C51 COMPILER V9.60.0.0   RELAY_INTERFACE                                                   08/27/2021 21:42:18 PAGE 1   


C51 COMPILER V9.60.0.0, COMPILATION OF MODULE RELAY_INTERFACE
OBJECT MODULE PLACED IN .\Objects\relay_interface.obj
COMPILER INVOKED BY: C:\Keil_v5\C51\BIN\C51.EXE relay_interface.c OPTIMIZE(8,SPEED) BROWSE DEBUG OBJECTEXTEND PRINT(.\Li
                    -stings\relay_interface.lst) TABS(2) OBJECT(.\Objects\relay_interface.obj)

line level    source

   1          #include <reg51.h>
   2          sbit relay_pin = P3^0;
   3          sbit sw = P1^0;
   4          
   5          void delay(unsigned int timeInMs)
   6          {
   7   1        int i,j;
   8   1        for(i=0;i<timeInMs;i++)
   9   1        {
  10   2          for(j=0;j<113;j++);
  11   2        }
  12   1      }
  13          
  14          void main()
  15          {
  16   1        sw=1;
  17   1        while(1)
  18   1        {
  19   2          if(sw == 0)
  20   2          {
  21   3            relay_pin=1;
  22   3            delay(100);
  23   3          }
  24   2          else
  25   2          {
  26   3            relay_pin=0;
  27   3            delay(100);
  28   3          }
  29   2        }
  30   1      }


MODULE INFORMATION:   STATIC OVERLAYABLE
   CODE SIZE        =     59    ----
   CONSTANT SIZE    =   ----    ----
   XDATA SIZE       =   ----    ----
   PDATA SIZE       =   ----    ----
   DATA SIZE        =   ----    ----
   IDATA SIZE       =   ----    ----
   BIT SIZE         =   ----    ----
END OF MODULE INFORMATION.


C51 COMPILATION COMPLETE.  0 WARNING(S),  0 ERROR(S)
