C51 COMPILER V9.60.0.0   DELAY_GEN                                                         08/28/2021 21:42:02 PAGE 1   


C51 COMPILER V9.60.0.0, COMPILATION OF MODULE DELAY_GEN
OBJECT MODULE PLACED IN .\Objects\delay_gen.obj
COMPILER INVOKED BY: C:\Keil_v5\C51\BIN\C51.EXE delay_gen.c OPTIMIZE(8,SPEED) BROWSE DEBUG OBJECTEXTEND PRINT(.\Listings
                    -\delay_gen.lst) TABS(2) OBJECT(.\Objects\delay_gen.obj)

line level    source

   1          #include<reg52.h>
   2          sbit out = P1^0;
   3          
   4          void ms_delay()  
   5          { 
   6   1        TL0=0x00;           
   7   1        TH0=0x0EE; // 5ms
   8   1        TR0=1;
   9   1          
  10   1        while(!TF0);
  11   1          
  12   1        TR0=0; 
  13   1        TF0=0; 
  14   1      }
  15          
  16          void main()
  17          {
  18   1        TMOD=0X01; //timer 0, mode 1
  19   1        while(1)
  20   1        {
  21   2          out=0XFF;
  22   2          ms_delay(); 
  23   2          out=0X00;
  24   2          ms_delay();   
  25   2        }
  26   1      }


MODULE INFORMATION:   STATIC OVERLAYABLE
   CODE SIZE        =     31    ----
   CONSTANT SIZE    =   ----    ----
   XDATA SIZE       =   ----    ----
   PDATA SIZE       =   ----    ----
   DATA SIZE        =   ----    ----
   IDATA SIZE       =   ----    ----
   BIT SIZE         =   ----    ----
END OF MODULE INFORMATION.


C51 COMPILATION COMPLETE.  0 WARNING(S),  0 ERROR(S)
