C51 COMPILER V9.60.0.0   DCMOTOR                                                           08/27/2021 22:33:36 PAGE 1   


C51 COMPILER V9.60.0.0, COMPILATION OF MODULE DCMOTOR
OBJECT MODULE PLACED IN .\Objects\dcmotor.obj
COMPILER INVOKED BY: C:\Keil_v5\C51\BIN\C51.EXE dcmotor.c OPTIMIZE(8,SPEED) BROWSE DEBUG OBJECTEXTEND PRINT(.\Listings\d
                    -cmotor.lst) TABS(2) OBJECT(.\Objects\dcmotor.obj)

line level    source

   1          #include <reg51.h>
   2          sbit m1 = P2^0;
   3          sbit m2 = P2^1;
   4          sbit en = P2^2;
   5          sbit lr = P2^3;
   6          sbit sw = P2^4;
   7          
   8          void delay(unsigned int delayInMs)
   9          {
  10   1        unsigned int i,j;
  11   1        for(j=0;j<delayInMs;j++)
  12   1        {
  13   2          for(i=0;i<113;i++);
  14   2        }
  15   1      }
  16          
  17          void main()
  18          {
  19   1        sw=1;
  20   1        lr=1;
  21   1        while(1)
  22   1        {
  23   2          if(sw == 0 && lr == 0 )
  24   2          {
  25   3            en=1;
  26   3            m1=0;
  27   3            m2=1;
  28   3            delay(200);
  29   3          }
  30   2          else if(sw == 0 && lr == 1)
  31   2          {
  32   3            en=1;
  33   3            m1=1;
  34   3            m2=0;
  35   3            delay(200);
  36   3          }
  37   2          else
  38   2          {
  39   3            en=0;
  40   3            delay(200);
  41   3          }
  42   2        }
  43   1      }


MODULE INFORMATION:   STATIC OVERLAYABLE
   CODE SIZE        =     82    ----
   CONSTANT SIZE    =   ----    ----
   XDATA SIZE       =   ----    ----
   PDATA SIZE       =   ----    ----
   DATA SIZE        =   ----    ----
   IDATA SIZE       =   ----    ----
   BIT SIZE         =   ----    ----
END OF MODULE INFORMATION.

C51 COMPILER V9.60.0.0   DCMOTOR                                                           08/27/2021 22:33:36 PAGE 2   


C51 COMPILATION COMPLETE.  0 WARNING(S),  0 ERROR(S)
