C51 COMPILER V9.60.0.0   LED_INTERFACING                                                   08/18/2021 18:08:19 PAGE 1   


C51 COMPILER V9.60.0.0, COMPILATION OF MODULE LED_INTERFACING
OBJECT MODULE PLACED IN .\Objects\led_interfacing.obj
COMPILER INVOKED BY: C:\Keil_v5\C51\BIN\C51.EXE led_interfacing.c OPTIMIZE(8,SPEED) BROWSE DEBUG OBJECTEXTEND PRINT(.\Li
                    -stings\led_interfacing.lst) TABS(2) OBJECT(.\Objects\led_interfacing.obj)

line level    source

   1          #include<reg51.h>
   2          #define led P1  //port declaration
   3          sbit sw = P2^0;
   4          
   5          void delay (int); 
   6          
   7          void delay (int d)  //loop for delay generation
   8          {
   9   1        unsigned char i;
  10   1        for(;d>0;d--)    
  11   1          for(i=100;i>0;i--);
  12   1      }
  13          
  14          void main()
  15          {
  16   1        unsigned char j;
  17   1          for(j=1;j<255;j++)
  18   1          {
  19   2            led= j;
  20   2            delay(1000);
  21   2            while(1)
  22   2            {
  23   3              if(sw == 0)
  24   3                break;
  25   3            }
  26   2          }
  27   1      }


MODULE INFORMATION:   STATIC OVERLAYABLE
   CODE SIZE        =     62    ----
   CONSTANT SIZE    =   ----    ----
   XDATA SIZE       =   ----    ----
   PDATA SIZE       =   ----    ----
   DATA SIZE        =   ----    ----
   IDATA SIZE       =   ----    ----
   BIT SIZE         =   ----    ----
END OF MODULE INFORMATION.


C51 COMPILATION COMPLETE.  0 WARNING(S),  0 ERROR(S)
