C51 COMPILER V9.60.0.0   SEG7_INTERFACE                                                    08/26/2021 21:43:05 PAGE 1   


C51 COMPILER V9.60.0.0, COMPILATION OF MODULE SEG7_INTERFACE
OBJECT MODULE PLACED IN .\Objects\seg7_interface.obj
COMPILER INVOKED BY: C:\Keil_v5\C51\BIN\C51.EXE seg7_interface.c OPTIMIZE(8,SPEED) BROWSE DEBUG OBJECTEXTEND PRINT(.\Lis
                    -tings\seg7_interface.lst) TABS(2) OBJECT(.\Objects\seg7_interface.obj)

line level    source

   1          #include<reg51.h>
   2          sbit sw = P1^0;
   3          
   4          void delay(int k) //delay function
   5          {
   6   1      int i,j;
   7   1      for(i=0;i<k;i++)
   8   1        for(j=0;j<1275;j++);
   9   1      }
  10          
  11          void main()
  12          {
  13   1        unsigned char i;
  14   1        unsigned char arr[10]={0x3f,0x06,0x5b,0x4f,0x66,0x6d,0x7d,0x07,0x7f,0x67};
  15   1        P2=0x00;
  16   1        sw=1;
  17   1        while(1)
  18   1        {
  19   2          for(i=0;i<10;i++)
  20   2          {
  21   3            P2=arr[i];
  22   3            delay(50);
  23   3            while(1)
  24   3            {
  25   4              if(sw == 0)
  26   4              {
  27   5                break;
  28   5              }
  29   4            }
  30   3          }
  31   2        }
  32   1      } 
  33                


MODULE INFORMATION:   STATIC OVERLAYABLE
   CODE SIZE        =     94    ----
   CONSTANT SIZE    =     10    ----
   XDATA SIZE       =   ----    ----
   PDATA SIZE       =   ----    ----
   DATA SIZE        =   ----      10
   IDATA SIZE       =   ----    ----
   BIT SIZE         =   ----    ----
END OF MODULE INFORMATION.


C51 COMPILATION COMPLETE.  0 WARNING(S),  0 ERROR(S)
