C51 COMPILER V9.60.0.0   LM35                                                              09/06/2021 16:55:37 PAGE 1   


C51 COMPILER V9.60.0.0, COMPILATION OF MODULE LM35
OBJECT MODULE PLACED IN .\Objects\lm35.obj
COMPILER INVOKED BY: C:\Keil_v5\C51\BIN\C51.EXE lm35.c OPTIMIZE(8,SPEED) BROWSE DEBUG OBJECTEXTEND PRINT(.\Listings\lm35
                    -.lst) TABS(2) OBJECT(.\Objects\lm35.obj)

line level    source

   1          #include<reg51.h>
   2          
   3          sbit clk = P3^2;
   4          sbit start = P3^3;
   5          sbit eoc = P3^4;
   6          sbit oe = P3^1;
   7          sbit ale = P3^0;
   8          
   9          
  10          void timer0() interrupt 1  // TIMER 0 interrupt ISR
  11          {
  12   1          clk=~clk;
  13   1      }
  14          
  15          
  16          void delay(int t)      // delay function
  17          {
  18   1        int j;
  19   1        for(j=0;j<t*1275;j++);
  20   1      }
  21          
  22          
  23          void main()
  24          {
  25   1        eoc=1;             // make eoc an input
  26   1        ale=0;
  27   1        oe=0;
  28   1        start=0;
  29   1      
  30   1        TMOD=0x02;    // timer 0 in mode 2
  31   1        TH0=0xc2;   
  32   1        IE=0x82; //  set timer 0 interrupt
  33   1        TR0=1;   // start timer 0
  34   1      
  35   1        while(1)
  36   1        { 
  37   2          ale=1;  // send high to low pulse on start and ale pin
  38   2          start=1;
  39   2          delay(1);
  40   2          ale=0;
  41   2          start=0;
  42   2          
  43   2          while(eoc==1);     // wait for conversion
  44   2          while(eoc==0); 
  45   2      
  46   2          oe=1;
  47   2          P2 = P1;
  48   2          oe=0;
  49   2      
  50   2        }
  51   1      
  52   1      }


C51 COMPILER V9.60.0.0   LM35                                                              09/06/2021 16:55:37 PAGE 2   

MODULE INFORMATION:   STATIC OVERLAYABLE
   CODE SIZE        =     89    ----
   CONSTANT SIZE    =   ----    ----
   XDATA SIZE       =   ----    ----
   PDATA SIZE       =   ----    ----
   DATA SIZE        =   ----    ----
   IDATA SIZE       =   ----    ----
   BIT SIZE         =   ----    ----
END OF MODULE INFORMATION.


C51 COMPILATION COMPLETE.  0 WARNING(S),  0 ERROR(S)
