C51 COMPILER V9.60.0.0   BUZZER                                                            08/28/2021 11:31:58 PAGE 1   


C51 COMPILER V9.60.0.0, COMPILATION OF MODULE BUZZER
OBJECT MODULE PLACED IN .\Objects\buzzer.obj
COMPILER INVOKED BY: C:\Keil_v5\C51\BIN\C51.EXE buzzer.c OPTIMIZE(8,SPEED) BROWSE DEBUG OBJECTEXTEND PRINT(.\Listings\bu
                    -zzer.lst) TABS(2) OBJECT(.\Objects\buzzer.obj)

line level    source

   1          #include <reg51.h>
   2          sbit sw = P1^0;
   3          sbit buzz = P1^1;
   4          
   5          void delay(unsigned int delayInMs)
   6          {
   7   1        unsigned int i,j;
   8   1        
   9   1        for(i=0;i<delayInMs;i++)
  10   1        {
  11   2          for(j=0;j<113;j++);
  12   2        }
  13   1      }
  14          
  15          void buzzfun()
  16          {
  17   1        buzz = 1;
  18   1        delay(1000);
  19   1        buzz = 0;
  20   1        delay(1000);
  21   1        buzz = 1;
  22   1        delay(1000);
  23   1        buzz = 0;
  24   1        delay(1000);
  25   1        buzz = 1;
  26   1        delay(1000);
  27   1        buzz = 0;
  28   1      }
  29          
  30          void main()
  31          {
  32   1        sw=1;
  33   1        buzz = 0;
  34   1        while(1)
  35   1        {
  36   2          if(sw==0)
  37   2          {
  38   3            buzzfun();
  39   3            delay(50);
  40   3          }
  41   2        }
  42   1      }


MODULE INFORMATION:   STATIC OVERLAYABLE
   CODE SIZE        =     76    ----
   CONSTANT SIZE    =   ----    ----
   XDATA SIZE       =   ----    ----
   PDATA SIZE       =   ----    ----
   DATA SIZE        =   ----    ----
   IDATA SIZE       =   ----    ----
   BIT SIZE         =   ----    ----
END OF MODULE INFORMATION.


C51 COMPILATION COMPLETE.  0 WARNING(S),  0 ERROR(S)
